<?xml version="1.0" encoding="UTF-8"?>
<!-- Generated by org.testng.reporters.JUnitReportReporter -->
<testsuite hostname="NXL45150" failures="0" tests="1" name="testCases.BookFlightTickets" time="2.836" errors="0" timestamp="2021-08-30T14:49:59 IST" skipped="0">
  <testcase classname="testCases.BookFlightTickets" name="applicationUnderTest" time="2.836"/>
  <system-out/>
</testsuite> <!-- testCases.BookFlightTickets -->
